  [1m[35m (2.4ms)[0m  [1m[35mCREATE TABLE "schema_migrations" ("version" varchar NOT NULL PRIMARY KEY)[0m
  [1m[35m (2.2ms)[0m  [1m[35mCREATE TABLE "ar_internal_metadata" ("key" varchar NOT NULL PRIMARY KEY, "value" varchar, "created_at" datetime NOT NULL, "updated_at" datetime NOT NULL)[0m
  [1m[36mActiveRecord::SchemaMigration Load (0.2ms)[0m  [1m[34mSELECT "schema_migrations".* FROM "schema_migrations"[0m
  [1m[36mActiveRecord::SchemaMigration Load (0.1ms)[0m  [1m[34mSELECT "schema_migrations".* FROM "schema_migrations"[0m
  [1m[36mActiveRecord::SchemaMigration Load (0.2ms)[0m  [1m[34mSELECT "schema_migrations".* FROM "schema_migrations"[0m
Migrating to CreateAuthors (20160119185347)
  [1m[35m (0.1ms)[0m  [1m[36mbegin transaction[0m
DEPRECATION WARNING: Directly inheriting from ActiveRecord::Migration is deprecated. Please specify the Rails release the migration was written for:

  class CreateAuthors < ActiveRecord::Migration[4.2] (called from load at /Users/omarmontemayor/.rvm/gems/ruby-2.6.1/bin/rake:23)
  [1m[35m (0.7ms)[0m  [1m[35mCREATE TABLE "authors" ("id" INTEGER PRIMARY KEY AUTOINCREMENT NOT NULL, "name" varchar, "hometown" varchar, "created_at" datetime NOT NULL, "updated_at" datetime NOT NULL)[0m
  [1m[35mSQL (0.2ms)[0m  [1m[32mINSERT INTO "schema_migrations" ("version") VALUES (?)[0m  [["version", "20160119185347"]]
  [1m[35m (4.2ms)[0m  [1m[36mcommit transaction[0m
Migrating to CreatePosts (20190418213203)
  [1m[35m (0.1ms)[0m  [1m[36mbegin transaction[0m
  [1m[35m (1.5ms)[0m  [1m[35mCREATE TABLE "posts" ("id" INTEGER PRIMARY KEY AUTOINCREMENT NOT NULL, "title" varchar, "description" varchar, "author_id" integer, "created_at" datetime NOT NULL, "updated_at" datetime NOT NULL)[0m
  [1m[35mSQL (0.3ms)[0m  [1m[32mINSERT INTO "schema_migrations" ("version") VALUES (?)[0m  [["version", "20190418213203"]]
  [1m[35m (2.2ms)[0m  [1m[36mcommit transaction[0m
  [1m[36mActiveRecord::InternalMetadata Load (0.3ms)[0m  [1m[34mSELECT  "ar_internal_metadata".* FROM "ar_internal_metadata" WHERE "ar_internal_metadata"."key" = ? LIMIT ?[0m  [["key", "environment"], ["LIMIT", 1]]
  [1m[35m (0.1ms)[0m  [1m[36mbegin transaction[0m
  [1m[35mSQL (0.4ms)[0m  [1m[32mINSERT INTO "ar_internal_metadata" ("key", "value", "created_at", "updated_at") VALUES (?, ?, ?, ?)[0m  [["key", "environment"], ["value", "development"], ["created_at", "2021-04-16 00:39:15.616697"], ["updated_at", "2021-04-16 00:39:15.616697"]]
  [1m[35m (2.0ms)[0m  [1m[36mcommit transaction[0m
  [1m[36mActiveRecord::SchemaMigration Load (0.1ms)[0m  [1m[34mSELECT "schema_migrations".* FROM "schema_migrations"[0m
  [1m[36mActiveRecord::SchemaMigration Load (0.1ms)[0m  [1m[34mSELECT "schema_migrations".* FROM "schema_migrations"[0m
  [1m[35m (0.0ms)[0m  [1m[36mbegin transaction[0m
  [1m[35mSQL (0.5ms)[0m  [1m[32mINSERT INTO "authors" ("name", "hometown", "created_at", "updated_at") VALUES (?, ?, ?, ?)[0m  [["name", "John Grisham"], ["hometown", "Charlottesville, VA"], ["created_at", "2021-04-16 00:39:24.909195"], ["updated_at", "2021-04-16 00:39:24.909195"]]
  [1m[35m (1.9ms)[0m  [1m[36mcommit transaction[0m
  [1m[35m (0.1ms)[0m  [1m[36mbegin transaction[0m
  [1m[35mSQL (0.4ms)[0m  [1m[32mINSERT INTO "authors" ("name", "hometown", "created_at", "updated_at") VALUES (?, ?, ?, ?)[0m  [["name", " Renyolds Price"], ["hometown", "Macon, NC"], ["created_at", "2021-04-16 00:39:24.913038"], ["updated_at", "2021-04-16 00:39:24.913038"]]
  [1m[35m (1.8ms)[0m  [1m[36mcommit transaction[0m
  [1m[35m (0.0ms)[0m  [1m[36mbegin transaction[0m
  [1m[35mSQL (0.4ms)[0m  [1m[32mINSERT INTO "posts" ("title", "description", "author_id", "created_at", "updated_at") VALUES (?, ?, ?, ?, ?)[0m  [["title", "A Time To Kill"], ["description", "A Time to Kill is a 1989 legal suspense thriller by John Grisham. It was Grisham's first novel. The novel was rejected by many publishers before Wynwood Press (located in New York) eventually gave it a modest 5,000-copy printing. After The Firm, The Pelican Brief, and The Client became bestsellers, interest in A Time to Kill grew; the book was republished by Doubleday in hardcover and, later, by Dell Publishing in paperback, and itself became a bestseller. This made Grisham extremely popular among readers."], ["author_id", 1], ["created_at", "2021-04-16 00:39:24.927284"], ["updated_at", "2021-04-16 00:39:24.927284"]]
  [1m[35m (2.0ms)[0m  [1m[36mcommit transaction[0m
  [1m[35m (0.1ms)[0m  [1m[36mbegin transaction[0m
  [1m[35mSQL (0.3ms)[0m  [1m[32mINSERT INTO "posts" ("title", "description", "author_id", "created_at", "updated_at") VALUES (?, ?, ?, ?, ?)[0m  [["title", "A Long and Happy Life"], ["description", "A Long and Happy Life presents Rosacoke Mustian to the reading public, as well as her erstwhile boyfriend, Wesley Beavers, who gets the innocent girl pregnant. Although he condescends to marry her, he then pretty much leaves her on her own. The book is alive with local color. In one of the early, most memorable scenes, Rosacoke needs to attend a funeral at a black church on a sizzling day in summer. Her friend Mildred Sutton has died in childbirth and is to be eulogized. Wesley Beavers drives his noisy motorcycle up to deliver Rosacoke to the funeral, but he does not go inside. Instead, he lingers outside and polishes his motorcycle, which is an extension of his being. Before the services are over, he leaves precipitously to get ready for the church picnic that he and Rosacoke are to attend that afternoon. As he screeches away from the church, he raises a trail of red dust behind him that one can almost taste, so vivid is Price’s description."], ["author_id", 2], ["created_at", "2021-04-16 00:39:24.931032"], ["updated_at", "2021-04-16 00:39:24.931032"]]
  [1m[35m (1.8ms)[0m  [1m[36mcommit transaction[0m
